2022-03-21 16:17:47
Full thread dump Java HotSpot(TM) 64-Bit Server VM (25.321-b07 mixed mode):

"Attach Listener" #14 daemon prio=9 os_prio=31 tid=0x00007fd7fa8cc800 nid=0x5507 waiting on condition [0x0000000000000000]
   java.lang.Thread.State: RUNNABLE

   Locked ownable synchronizers:
	- None

"DestroyJavaVM" #13 prio=5 os_prio=31 tid=0x00007fd7f5855800 nid=0x1103 waiting on condition [0x0000000000000000]
   java.lang.Thread.State: RUNNABLE

   Locked ownable synchronizers:
	- None

"consumer" #12 prio=5 os_prio=31 tid=0x00007fd7f5855000 nid=0x5703 in Object.wait() [0x0000700005ae5000]
   java.lang.Thread.State: WAITING (on object monitor)
	at java.lang.Object.wait(Native Method)
	- waiting on <0x000000076ba56eb0> (a java.lang.Object)
	at java.lang.Object.wait(Object.java:502)
	at org.example.ch5._1_1.WaitAndNotify.consumer(WaitAndNotify.java:40)
	- locked <0x000000076ba56eb0> (a java.lang.Object)
	at org.example.ch5._1_1.WaitAndNotify$MyConsumer.run(WaitAndNotify.java:79)
	at java.lang.Thread.run(Thread.java:750)

   Locked ownable synchronizers:
	- None

"Service Thread" #10 daemon prio=9 os_prio=31 tid=0x00007fd7f708f000 nid=0x3a03 runnable [0x0000000000000000]
   java.lang.Thread.State: RUNNABLE

   Locked ownable synchronizers:
	- None

"C1 CompilerThread3" #9 daemon prio=9 os_prio=31 tid=0x00007fd7f707a800 nid=0x3c03 waiting on condition [0x0000000000000000]
   java.lang.Thread.State: RUNNABLE

   Locked ownable synchronizers:
	- None

"C2 CompilerThread2" #8 daemon prio=9 os_prio=31 tid=0x00007fd7f7079800 nid=0x3603 waiting on condition [0x0000000000000000]
   java.lang.Thread.State: RUNNABLE

   Locked ownable synchronizers:
	- None

"C2 CompilerThread1" #7 daemon prio=9 os_prio=31 tid=0x00007fd7f7078800 nid=0x3f03 waiting on condition [0x0000000000000000]
   java.lang.Thread.State: RUNNABLE

   Locked ownable synchronizers:
	- None

"C2 CompilerThread0" #6 daemon prio=9 os_prio=31 tid=0x00007fd7f7077800 nid=0x4103 waiting on condition [0x0000000000000000]
   java.lang.Thread.State: RUNNABLE

   Locked ownable synchronizers:
	- None

"Monitor Ctrl-Break" #5 daemon prio=5 os_prio=31 tid=0x00007fd7f7075800 nid=0x3403 runnable [0x00007000052cd000]
   java.lang.Thread.State: RUNNABLE
	at java.net.SocketInputStream.socketRead0(Native Method)
	at java.net.SocketInputStream.socketRead(SocketInputStream.java:116)
	at java.net.SocketInputStream.read(SocketInputStream.java:171)
	at java.net.SocketInputStream.read(SocketInputStream.java:141)
	at sun.nio.cs.StreamDecoder.readBytes(StreamDecoder.java:284)
	at sun.nio.cs.StreamDecoder.implRead(StreamDecoder.java:326)
	at sun.nio.cs.StreamDecoder.read(StreamDecoder.java:178)
	- locked <0x000000076aca59a8> (a java.io.InputStreamReader)
	at java.io.InputStreamReader.read(InputStreamReader.java:184)
	at java.io.BufferedReader.fill(BufferedReader.java:161)
	at java.io.BufferedReader.readLine(BufferedReader.java:324)
	- locked <0x000000076aca59a8> (a java.io.InputStreamReader)
	at java.io.BufferedReader.readLine(BufferedReader.java:389)
	at com.intellij.rt.execution.application.AppMainV2$1.run(AppMainV2.java:49)

   Locked ownable synchronizers:
	- None

"Signal Dispatcher" #4 daemon prio=9 os_prio=31 tid=0x00007fd7f680a800 nid=0x4203 runnable [0x0000000000000000]
   java.lang.Thread.State: RUNNABLE

   Locked ownable synchronizers:
	- None

"Finalizer" #3 daemon prio=8 os_prio=31 tid=0x00007fd7f5808800 nid=0x4c03 in Object.wait() [0x0000700004fc1000]
   java.lang.Thread.State: WAITING (on object monitor)
	at java.lang.Object.wait(Native Method)
	- waiting on <0x000000076ab08ee8> (a java.lang.ref.ReferenceQueue$Lock)
	at java.lang.ref.ReferenceQueue.remove(ReferenceQueue.java:144)
	- locked <0x000000076ab08ee8> (a java.lang.ref.ReferenceQueue$Lock)
	at java.lang.ref.ReferenceQueue.remove(ReferenceQueue.java:165)
	at java.lang.ref.Finalizer$FinalizerThread.run(Finalizer.java:216)

   Locked ownable synchronizers:
	- None

"Reference Handler" #2 daemon prio=10 os_prio=31 tid=0x00007fd7fa00a800 nid=0x4d03 in Object.wait() [0x0000700004ebe000]
   java.lang.Thread.State: WAITING (on object monitor)
	at java.lang.Object.wait(Native Method)
	- waiting on <0x000000076ab06c00> (a java.lang.ref.Reference$Lock)
	at java.lang.Object.wait(Object.java:502)
	at java.lang.ref.Reference.tryHandlePending(Reference.java:191)
	- locked <0x000000076ab06c00> (a java.lang.ref.Reference$Lock)
	at java.lang.ref.Reference$ReferenceHandler.run(Reference.java:153)

   Locked ownable synchronizers:
	- None

"VM Thread" os_prio=31 tid=0x00007fd7f7046800 nid=0x4f03 runnable 

"GC task thread#0 (ParallelGC)" os_prio=31 tid=0x00007fd7f680b800 nid=0x1d07 runnable 

"GC task thread#1 (ParallelGC)" os_prio=31 tid=0x00007fd7f680c000 nid=0x1903 runnable 

"GC task thread#2 (ParallelGC)" os_prio=31 tid=0x00007fd7f4815800 nid=0x1b03 runnable 

"GC task thread#3 (ParallelGC)" os_prio=31 tid=0x00007fd7f4816000 nid=0x2a03 runnable 

"GC task thread#4 (ParallelGC)" os_prio=31 tid=0x00007fd7f4816800 nid=0x5303 runnable 

"GC task thread#5 (ParallelGC)" os_prio=31 tid=0x00007fd7f4817800 nid=0x5203 runnable 

"GC task thread#6 (ParallelGC)" os_prio=31 tid=0x00007fd7f4818000 nid=0x2c03 runnable 

"GC task thread#7 (ParallelGC)" os_prio=31 tid=0x00007fd7f6817800 nid=0x2d03 runnable 

"VM Periodic Task Thread" os_prio=31 tid=0x00007fd7fa80c800 nid=0x3903 waiting on condition 

JNI global references: 15

